Log file open, 10/15/19 10:23:06
LogWindows: Failed to load 'aqProf.dll' (GetLastError=126)
LogWindows: File 'aqProf.dll' does not exist
LogWindows: Failed to load 'VtuneApi.dll' (GetLastError=126)
LogWindows: File 'VtuneApi.dll' does not exist
LogWindows: Failed to load 'VtuneApi32e.dll' (GetLastError=126)
LogWindows: File 'VtuneApi32e.dll' does not exist
LogConsoleResponse: Display: Failed to find resolution value strings in scalability ini. Falling back to default.
LogInit: Display: Running engine for game: L13_Beta_Project
LogPakFile: Registered encryption key '00000000000000000000000000000000': 0 pak files mounted, 0 remain pending
LogPlatformFile: Not using cached read wrapper
LogTaskGraph: Started task graph with 5 named threads and 35 total threads with 3 sets of task threads.
LogStats: Stats thread started at 0.426191
LogD3D11RHI: Loaded GFSDK_Aftermath_Lib.x64.dll
LogICUInternationalization: ICU TimeZone Detection - Raw Offset: +0:00, Platform Override: ''
LogPluginManager: Mounting plugin Paper2D
LogPluginManager: Mounting plugin AISupport
LogPluginManager: Mounting plugin LightPropagationVolume
LogPluginManager: Mounting plugin ActorLayerUtilities
LogPluginManager: Mounting plugin CLionSourceCodeAccess
LogPluginManager: Mounting plugin CodeLiteSourceCodeAccess
LogPluginManager: Mounting plugin GitSourceControl
LogPluginManager: Mounting plugin KDevelopSourceCodeAccess
LogPluginManager: Mounting plugin NullSourceCodeAccess
LogPluginManager: Mounting plugin PerforceSourceControl
LogPluginManager: Mounting plugin SubversionSourceControl
LogPluginManager: Mounting plugin UObjectPlugin
LogPluginManager: Mounting plugin VisualStudioCodeSourceCodeAccess
LogPluginManager: Mounting plugin VisualStudioSourceCodeAccess
LogPluginManager: Mounting plugin XCodeSourceCodeAccess
LogPluginManager: Mounting plugin AssetManagerEditor
LogPluginManager: Mounting plugin CryptoKeys
LogPluginManager: Mounting plugin DataValidation
LogPluginManager: Mounting plugin FacialAnimation
LogPluginManager: Mounting plugin GameplayTagsEditor
LogPluginManager: Mounting plugin MacGraphicsSwitching
LogPluginManager: Mounting plugin MeshEditor
LogPluginManager: Mounting plugin MobileLauncherProfileWizard
LogPluginManager: Mounting plugin PluginBrowser
LogPluginManager: Mounting plugin SpeedTreeImporter
LogPluginManager: Mounting plugin DatasmithContent
LogPluginManager: Mounting plugin VariantManagerContent
LogPluginManager: Mounting plugin AlembicImporter
LogPluginManager: Mounting plugin AppleImageUtils
LogPluginManager: Mounting plugin AppleVision
LogPluginManager: Mounting plugin BackChannel
LogPluginManager: Mounting plugin CharacterAI
LogPluginManager: Mounting plugin GeometryCache
LogPluginManager: Mounting plugin HTML5Networking
LogPluginManager: Mounting plugin ProxyLODPlugin
LogPluginManager: Mounting plugin MagicLeap
LogPluginManager: Mounting plugin MagicLeapMedia
LogPluginManager: Mounting plugin AndroidMedia
LogPluginManager: Mounting plugin AvfMedia
LogPluginManager: Mounting plugin ImgMedia
LogPluginManager: Mounting plugin LinearTimecode
LogPluginManager: Mounting plugin MediaCompositing
LogPluginManager: Mounting plugin MediaPlayerEditor
LogPluginManager: Mounting plugin WebMMedia
LogPluginManager: Mounting plugin WmfMedia
LogPluginManager: Mounting plugin TcpMessaging
LogPluginManager: Mounting plugin UdpMessaging
LogPluginManager: Mounting plugin ActorSequence
LogPluginManager: Mounting plugin LevelSequenceEditor
LogPluginManager: Mounting plugin MatineeToLevelSequence
LogPluginManager: Mounting plugin NetcodeUnitTest
LogPluginManager: Mounting plugin NUTUnrealEngine4
LogPluginManager: Mounting plugin OnlineSubsystemGooglePlay
LogPluginManager: Mounting plugin OnlineSubsystemIOS
LogPluginManager: Mounting plugin OnlineSubsystem
LogPluginManager: Mounting plugin OnlineSubsystemNull
LogPluginManager: Mounting plugin OnlineSubsystemUtils
LogPluginManager: Mounting plugin LauncherChunkInstaller
LogPluginManager: Mounting plugin AndroidDeviceProfileSelector
LogPluginManager: Mounting plugin AndroidMoviePlayer
LogPluginManager: Mounting plugin AndroidPermission
LogPluginManager: Mounting plugin AppleMoviePlayer
LogPluginManager: Mounting plugin ArchVisCharacter
LogPluginManager: Mounting plugin AudioCapture
LogPluginManager: Mounting plugin CableComponent
LogPluginManager: Mounting plugin CustomMeshComponent
LogPluginManager: Mounting plugin EditableMesh
LogPluginManager: Mounting plugin ExampleDeviceProfileSelector
LogPluginManager: Mounting plugin Firebase
LogPluginManager: Mounting plugin GoogleCloudMessaging
LogPluginManager: Mounting plugin IOSDeviceProfileSelector
LogPluginManager: Mounting plugin LinuxDeviceProfileSelector
LogPluginManager: Mounting plugin LocationServicesBPLibrary
LogPluginManager: Mounting plugin MobilePatchingUtils
LogPluginManager: Mounting plugin OculusVR
LogPluginManager: Mounting plugin PhysXVehicles
LogPluginManager: Mounting plugin ProceduralMeshComponent
LogPluginManager: Mounting plugin RuntimePhysXCooking
LogPluginManager: Mounting plugin SteamVR
LogPluginManager: Mounting plugin WebMMoviePlayer
LogPluginManager: Mounting plugin WindowsMoviePlayer
LogStreaming: Display: Took  0.189s to configure plugins.
LogInit: Using libcurl 7.55.1-DEV
LogInit:  - built for x86_64-pc-win32
LogInit:  - supports SSL with OpenSSL/1.0.2h
LogInit:  - supports HTTP deflate (compression) using libz 1.2.8
LogInit:  - other features:
LogInit:      CURL_VERSION_SSL
LogInit:      CURL_VERSION_LIBZ
LogInit:      CURL_VERSION_IPV6
LogInit:      CURL_VERSION_ASYNCHDNS
LogInit:      CURL_VERSION_LARGEFILE
LogInit:      CURL_VERSION_IDN
LogInit:  CurlRequestOptions (configurable via config and command line):
LogInit:  - bVerifyPeer = true  - Libcurl will verify peer certificate
LogInit:  - bUseHttpProxy = false  - Libcurl will NOT use HTTP proxy
LogInit:  - bDontReuseConnections = false  - Libcurl will reuse connections
LogInit:  - MaxHostConnections = 16  - Libcurl will limit the number of connections to a host
LogInit:  - LocalHostAddr = Default
LogInit:  - BufferSize = 65536
LogInit: WinSock: version 1.1 (2.2), MaxSocks=32767, MaxUdp=65467
LogInit: Build: ++UE4+Release-4.21-CL-4753647
LogInit: Engine Version: 4.21.2-4753647+++UE4+Release-4.21
LogInit: Compatible Engine Version: 4.21.0-4541578+++UE4+Release-4.21
LogInit: Net CL: 4541578
LogInit: OS: Windows 10 (), CPU: Intel(R) Xeon(R) CPU E5-1650 v3 @ 3.50GHz, GPU: NVIDIA GeForce GTX 980 Ti
LogInit: Compiled (64-bit): Jan 19 2019 02:07:31
LogInit: Compiled with Visual C++: 19.13.26129.00
LogInit: Build Configuration: Development
LogInit: Branch Name: ++UE4+Release-4.21
LogInit: Command Line: 
LogInit: Base Directory: C:/Program Files/Epic Games/UE_4.21/Engine/Binaries/Win64/
LogInit: Installed Engine Build: 1
LogDevObjectVersion: Number of dev versions registered: 22
LogDevObjectVersion:   Dev-Blueprints (B0D832E4-1F89-4F0D-ACCF-7EB736FD4AA2): 10
LogDevObjectVersion:   Dev-Build (E1C64328-A22C-4D53-A36C-8E866417BD8C): 0
LogDevObjectVersion:   Dev-Core (375EC13C-06E4-48FB-B500-84F0262A717E): 2
LogDevObjectVersion:   Dev-Editor (E4B068ED-F494-42E9-A231-DA0B2E46BB41): 26
LogDevObjectVersion:   Dev-Framework (CFFC743F-43B0-4480-9391-14DF171D2073): 34
LogDevObjectVersion:   Dev-Mobile (B02B49B5-BB20-44E9-A304-32B752E40360): 2
LogDevObjectVersion:   Dev-Networking (A4E4105C-59A1-49B5-A7C5-40C4547EDFEE): 0
LogDevObjectVersion:   Dev-Online (39C831C9-5AE6-47DC-9A44-9C173E1C8E7C): 0
LogDevObjectVersion:   Dev-Physics (78F01B33-EBEA-4F98-B9B4-84EACCB95AA2): 0
LogDevObjectVersion:   Dev-Platform (6631380F-2D4D-43E0-8009-CF276956A95A): 0
LogDevObjectVersion:   Dev-Rendering (12F88B9F-8875-4AFC-A67C-D90C383ABD29): 27
LogDevObjectVersion:   Dev-Sequencer (7B5AE74C-D270-4C10-A958-57980B212A5A): 9
LogDevObjectVersion:   Dev-VR (D7296918-1DD6-4BDD-9DE2-64A83CC13884): 2
LogDevObjectVersion:   Dev-LoadTimes (C2A15278-BFE7-4AFE-6C17-90FF531DF755): 1
LogDevObjectVersion:   Private-Geometry (6EACA3D4-40EC-4CC1-B786-8BED09428FC5): 3
LogDevObjectVersion:   Dev-AnimPhys (29E575DD-E0A3-4627-9D10-D276232CDCEA): 17
LogDevObjectVersion:   Dev-Anim (AF43A65D-7FD3-4947-9873-3E8ED9C1BB05): 2
LogDevObjectVersion:   Dev-ReflectionCapture (6B266CEC-1EC7-4B8F-A30B-E4D90942FC07): 1
LogDevObjectVersion:   Dev-Automation (0DF73D61-A23F-47EA-B727-89E90C41499A): 1
LogDevObjectVersion:   FortniteMain (601D1886-AC64-4F84-AA16-D3DE0DEAC7D6): 17
LogDevObjectVersion:   Dev-Enterprise (9DFFBCD6-494F-0158-E221-12823C92A888): 4
LogDevObjectVersion:   Dev-Niagara (F2AED0AC-9AFE-416F-8664-AA7FFA26D6FC): 1
LogStreaming: Display: Took  0.000s to delete old logs.
LogInit: Presizing for max 8388607 objects, including 0 objects not considered by GC, pre-allocating 0 bytes for permanent pool.
LogInit: Object subsystem initialized
LogConfig: Setting CVar [[con.DebugEarlyDefault:1]]
LogConfig: Setting CVar [[r.setres:1280x720]]
[2019.10.15-09.23.07:344][  0]LogConfig: Setting CVar [[r.VSync:0]]
[2019.10.15-09.23.07:344][  0]LogConfig: Setting CVar [[r.RHICmdBypass:0]]
[2019.10.15-09.23.07:344][  0]LogConfig: Applying CVar settings from Section [/Script/Engine.RendererSettings] File [D:/github/lucky13/L13_Beta_Project/Saved/Config/Windows/Engine.ini]
[2019.10.15-09.23.07:344][  0]LogConfig: Setting CVar [[r.GPUCrashDebugging:0]]
[2019.10.15-09.23.07:344][  0]LogConfig: Applying CVar settings from Section [/Script/Engine.RendererOverrideSettings] File [D:/github/lucky13/L13_Beta_Project/Saved/Config/Windows/Engine.ini]
[2019.10.15-09.23.07:344][  0]LogConfig: Applying CVar settings from Section [/Script/Engine.StreamingSettings] File [D:/github/lucky13/L13_Beta_Project/Saved/Config/Windows/Engine.ini]
[2019.10.15-09.23.07:344][  0]LogConfig: Setting CVar [[s.MinBulkDataSizeForAsyncLoading:131072]]
[2019.10.15-09.23.07:344][  0]LogConfig: Setting CVar [[s.AsyncLoadingThreadEnabled:0]]
[2019.10.15-09.23.07:344][  0]LogConfig: Setting CVar [[s.EventDrivenLoaderEnabled:1]]
[2019.10.15-09.23.07:345][  0]LogConfig: Setting CVar [[s.WarnIfTimeLimitExceeded:0]]
[2019.10.15-09.23.07:345][  0]LogConfig: Setting CVar [[s.TimeLimitExceededMultiplier:1.5]]
[2019.10.15-09.23.07:345][  0]LogConfig: Setting CVar [[s.TimeLimitExceededMinTime:0.005]]
[2019.10.15-09.23.07:345][  0]LogConfig: Setting CVar [[s.UseBackgroundLevelStreaming:1]]
[2019.10.15-09.23.07:345][  0]LogConfig: Setting CVar [[s.PriorityAsyncLoadingExtraTime:15.0]]
[2019.10.15-09.23.07:345][  0]LogConfig: Setting CVar [[s.LevelStreamingActorsUpdateTimeLimit:5.0]]
[2019.10.15-09.23.07:345][  0]LogConfig: Setting CVar [[s.PriorityLevelStreamingActorsUpdateExtraTime:5.0]]
[2019.10.15-09.23.07:345][  0]LogConfig: Setting CVar [[s.LevelStreamingComponentsRegistrationGranularity:10]]
[2019.10.15-09.23.07:345][  0]LogConfig: Setting CVar [[s.UnregisterComponentsTimeLimit:1.0]]
[2019.10.15-09.23.07:345][  0]LogConfig: Setting CVar [[s.LevelStreamingComponentsUnregistrationGranularity:5]]
[2019.10.15-09.23.07:345][  0]LogConfig: Applying CVar settings from Section [/Script/Engine.GarbageCollectionSettings] File [D:/github/lucky13/L13_Beta_Project/Saved/Config/Windows/Engine.ini]
[2019.10.15-09.23.07:345][  0]LogConfig: Setting CVar [[gc.MaxObjectsNotConsideredByGC:1]]
[2019.10.15-09.23.07:345][  0]LogConfig: Setting CVar [[gc.SizeOfPermanentObjectPool:0]]
[2019.10.15-09.23.07:345][  0]LogConfig: Setting CVar [[gc.FlushStreamingOnGC:0]]
[2019.10.15-09.23.07:345][  0]LogConfig: Setting CVar [[gc.NumRetriesBeforeForcingGC:10]]
[2019.10.15-09.23.07:345][  0]LogConfig: Setting CVar [[gc.AllowParallelGC:1]]
[2019.10.15-09.23.07:345][  0]LogConfig: Setting CVar [[gc.TimeBetweenPurgingPendingKillObjects:61.1]]
[2019.10.15-09.23.07:345][  0]LogConfig: Setting CVar [[gc.MaxObjectsInEditor:8388607]]
[2019.10.15-09.23.07:345][  0]LogConfig: Setting CVar [[gc.IncrementalBeginDestroyEnabled:1]]
[2019.10.15-09.23.07:345][  0]LogConfig: Setting CVar [[gc.CreateGCClusters:1]]
[2019.10.15-09.23.07:345][  0]LogConfig: Setting CVar [[gc.MergeGCClusters:0]]
[2019.10.15-09.23.07:345][  0]LogConfig: Setting CVar [[gc.MinGCClusterSize:5]]
[2019.10.15-09.23.07:345][  0]LogConfig: Setting CVar [[gc.ActorClusteringEnabled:0]]
[2019.10.15-09.23.07:345][  0]LogConfig: Setting CVar [[gc.BlueprintClusteringEnabled:0]]
[2019.10.15-09.23.07:345][  0]LogConfig: Setting CVar [[gc.UseDisregardForGCOnDedicatedServers:0]]
[2019.10.15-09.23.07:345][  0]LogConfig: Applying CVar settings from Section [/Script/Engine.NetworkSettings] File [D:/github/lucky13/L13_Beta_Project/Saved/Config/Windows/Engine.ini]
[2019.10.15-09.23.07:345][  0]LogConfig: Applying CVar settings from Section [/Script/UnrealEd.CookerSettings] File [D:/github/lucky13/L13_Beta_Project/Saved/Config/Windows/Engine.ini]
[2019.10.15-09.23.07:364][  0]LogConfig: Applying CVar settings from Section [ViewDistanceQuality@3] File [D:/github/lucky13/L13_Beta_Project/Saved/Config/Windows/Scalability.ini]
[2019.10.15-09.23.07:364][  0]LogConfig: Setting CVar [[r.SkeletalMeshLODBias:0]]
[2019.10.15-09.23.07:364][  0]LogConfig: Setting CVar [[r.ViewDistanceScale:1.0]]
[2019.10.15-09.23.07:364][  0]LogConfig: Applying CVar settings from Section [AntiAliasingQuality@3] File [D:/github/lucky13/L13_Beta_Project/Saved/Config/Windows/Scalability.ini]
[2019.10.15-09.23.07:364][  0]LogConfig: Setting CVar [[r.PostProcessAAQuality:4]]
[2019.10.15-09.23.07:364][  0]LogConfig: Applying CVar settings from Section [ShadowQuality@3] File [D:/github/lucky13/L13_Beta_Project/Saved/Config/Windows/Scalability.ini]
[2019.10.15-09.23.07:364][  0]LogConfig: Setting CVar [[r.LightFunctionQuality:1]]
[2019.10.15-09.23.07:364][  0]LogConfig: Setting CVar [[r.ShadowQuality:5]]
[2019.10.15-09.23.07:364][  0]LogConfig: Setting CVar [[r.Shadow.CSM.MaxCascades:10]]
[2019.10.15-09.23.07:364][  0]LogConfig: Setting CVar [[r.Shadow.MaxResolution:2048]]
[2019.10.15-09.23.07:364][  0]LogConfig: Setting CVar [[r.Shadow.MaxCSMResolution:2048]]
[2019.10.15-09.23.07:364][  0]LogConfig: Setting CVar [[r.Shadow.RadiusThreshold:0.01]]
[2019.10.15-09.23.07:364][  0]LogConfig: Setting CVar [[r.Shadow.DistanceScale:1.0]]
[2019.10.15-09.23.07:364][  0]LogConfig: Setting CVar [[r.Shadow.CSM.TransitionScale:1.0]]
[2019.10.15-09.23.07:364][  0]LogConfig: Setting CVar [[r.Shadow.PreShadowResolutionFactor:1.0]]
[2019.10.15-09.23.07:364][  0]LogConfig: Setting CVar [[r.DistanceFieldShadowing:1]]
[2019.10.15-09.23.07:364][  0]LogConfig: Setting CVar [[r.DistanceFieldAO:1]]
[2019.10.15-09.23.07:364][  0]LogConfig: Setting CVar [[r.AOQuality:2]]
[2019.10.15-09.23.07:364][  0]LogConfig: Setting CVar [[r.VolumetricFog:1]]
[2019.10.15-09.23.07:365][  0]LogConfig: Setting CVar [[r.VolumetricFog.GridPixelSize:8]]
[2019.10.15-09.23.07:365][  0]LogConfig: Setting CVar [[r.VolumetricFog.GridSizeZ:128]]
[2019.10.15-09.23.07:365][  0]LogConfig: Setting CVar [[r.VolumetricFog.HistoryMissSupersampleCount:4]]
[2019.10.15-09.23.07:365][  0]LogConfig: Setting CVar [[r.LightMaxDrawDistanceScale:1]]
[2019.10.15-09.23.07:365][  0]LogConfig: Setting CVar [[r.CapsuleShadows:1]]
[2019.10.15-09.23.07:365][  0]LogConfig: Applying CVar settings from Section [PostProcessQuality@3] File [D:/github/lucky13/L13_Beta_Project/Saved/Config/Windows/Scalability.ini]
[2019.10.15-09.23.07:365][  0]LogConfig: Setting CVar [[r.MotionBlurQuality:4]]
[2019.10.15-09.23.07:365][  0]LogConfig: Setting CVar [[r.AmbientOcclusionMipLevelFactor:0.4]]
[2019.10.15-09.23.07:365][  0]LogConfig: Setting CVar [[r.AmbientOcclusionMaxQuality:100]]
[2019.10.15-09.23.07:365][  0]LogConfig: Setting CVar [[r.AmbientOcclusionLevels:-1]]
[2019.10.15-09.23.07:365][  0]LogConfig: Setting CVar [[r.AmbientOcclusionRadiusScale:1.0]]
[2019.10.15-09.23.07:365][  0]LogConfig: Setting CVar [[r.DepthOfFieldQuality:2]]
[2019.10.15-09.23.07:365][  0]LogConfig: Setting CVar [[r.RenderTargetPoolMin:400]]
[2019.10.15-09.23.07:365][  0]LogConfig: Setting CVar [[r.LensFlareQuality:2]]
[2019.10.15-09.23.07:365][  0]LogConfig: Setting CVar [[r.SceneColorFringeQuality:1]]
[2019.10.15-09.23.07:365][  0]LogConfig: Setting CVar [[r.EyeAdaptationQuality:2]]
[2019.10.15-09.23.07:365][  0]LogConfig: Setting CVar [[r.BloomQuality:5]]
[2019.10.15-09.23.07:365][  0]LogConfig: Setting CVar [[r.FastBlurThreshold:100]]
[2019.10.15-09.23.07:365][  0]LogConfig: Setting CVar [[r.Upscale.Quality:3]]
[2019.10.15-09.23.07:365][  0]LogConfig: Setting CVar [[r.Tonemapper.GrainQuantization:1]]
[2019.10.15-09.23.07:365][  0]LogConfig: Setting CVar [[r.LightShaftQuality:1]]
[2019.10.15-09.23.07:365][  0]LogConfig: Setting CVar [[r.Filter.SizeScale:1]]
[2019.10.15-09.23.07:365][  0]LogConfig: Setting CVar [[r.Tonemapper.Quality:5]]
[2019.10.15-09.23.07:365][  0]LogConfig: Setting CVar [[r.DOF.Gather.AccumulatorQuality:1        ; higher gathering accumulator quality]]
[2019.10.15-09.23.07:365][  0]LogConfig: Setting CVar [[r.DOF.Gather.PostfilterMethod:1          ; Median3x3 postfilering method]]
[2019.10.15-09.23.07:365][  0]LogConfig: Setting CVar [[r.DOF.Gather.EnableBokehSettings:0       ; no bokeh simulation when gathering]]
[2019.10.15-09.23.07:365][  0]LogConfig: Setting CVar [[r.DOF.Gather.RingCount:4                 ; medium number of samples when gathering]]
[2019.10.15-09.23.07:365][  0]LogConfig: Setting CVar [[r.DOF.Scatter.ForegroundCompositing:1    ; additive foreground scattering]]
[2019.10.15-09.23.07:365][  0]LogConfig: Setting CVar [[r.DOF.Scatter.BackgroundCompositing:2    ; additive background scattering]]
[2019.10.15-09.23.07:366][  0]LogConfig: Setting CVar [[r.DOF.Scatter.EnableBokehSettings:1      ; bokeh simulation when scattering]]
[2019.10.15-09.23.07:366][  0]LogConfig: Setting CVar [[r.DOF.Scatter.MaxSpriteRatio:0.1         ; only a maximum of 10% of scattered bokeh]]
[2019.10.15-09.23.07:366][  0]LogConfig: Setting CVar [[r.DOF.Recombine.Quality:1                ; cheap slight out of focus]]
[2019.10.15-09.23.07:366][  0]LogConfig: Setting CVar [[r.DOF.Recombine.EnableBokehSettings:0    ; no bokeh simulation on slight out of focus]]
[2019.10.15-09.23.07:366][  0]LogConfig: Setting CVar [[r.DOF.TemporalAAQuality:1                ; more stable temporal accumulation]]
[2019.10.15-09.23.07:366][  0]LogConfig: Setting CVar [[r.DOF.Kernel.MaxForegroundRadius:0.025]]
[2019.10.15-09.23.07:366][  0]LogConfig: Setting CVar [[r.DOF.Kernel.MaxBackgroundRadius:0.025]]
[2019.10.15-09.23.07:366][  0]LogConfig: Applying CVar settings from Section [TextureQuality@3] File [D:/github/lucky13/L13_Beta_Project/Saved/Config/Windows/Scalability.ini]
[2019.10.15-09.23.07:366][  0]LogConfig: Setting CVar [[r.Streaming.MipBias:0]]
[2019.10.15-09.23.07:366][  0]LogConfig: Setting CVar [[r.Streaming.AmortizeCPUToGPUCopy:0]]
[2019.10.15-09.23.07:366][  0]LogConfig: Setting CVar [[r.Streaming.MaxNumTexturesToStreamPerFrame:0]]
[2019.10.15-09.23.07:366][  0]LogConfig: Setting CVar [[r.Streaming.Boost:1]]
[2019.10.15-09.23.07:366][  0]LogConfig: Setting CVar [[r.MaxAnisotropy:8]]
[2019.10.15-09.23.07:366][  0]LogConfig: Setting CVar [[r.Streaming.LimitPoolSizeToVRAM:0]]
[2019.10.15-09.23.07:366][  0]LogConfig: Setting CVar [[r.Streaming.PoolSize:1000]]
[2019.10.15-09.23.07:366][  0]LogConfig: Setting CVar [[r.Streaming.MaxEffectiveScreenSize:0]]
[2019.10.15-09.23.07:366][  0]LogConfig: Applying CVar settings from Section [EffectsQuality@3] File [D:/github/lucky13/L13_Beta_Project/Saved/Config/Windows/Scalability.ini]
[2019.10.15-09.23.07:366][  0]LogConfig: Setting CVar [[r.TranslucencyLightingVolumeDim:64]]
[2019.10.15-09.23.07:366][  0]LogConfig: Setting CVar [[r.RefractionQuality:2]]
[2019.10.15-09.23.07:366][  0]LogConfig: Setting CVar [[r.SSR.Quality:3]]
[2019.10.15-09.23.07:366][  0]LogConfig: Setting CVar [[r.SceneColorFormat:4]]
[2019.10.15-09.23.07:366][  0]LogConfig: Setting CVar [[r.DetailMode:2]]
[2019.10.15-09.23.07:366][  0]LogConfig: Setting CVar [[r.TranslucencyVolumeBlur:1]]
[2019.10.15-09.23.07:366][  0]LogConfig: Setting CVar [[r.MaterialQualityLevel:1 ; High quality]]
[2019.10.15-09.23.07:366][  0]LogConfig: Setting CVar [[r.SSS.Scale:1]]
[2019.10.15-09.23.07:366][  0]LogConfig: Setting CVar [[r.SSS.SampleSet:2]]
[2019.10.15-09.23.07:366][  0]LogConfig: Setting CVar [[r.SSS.Quality:1]]
[2019.10.15-09.23.07:366][  0]LogConfig: Setting CVar [[r.SSS.HalfRes:1]]
[2019.10.15-09.23.07:366][  0]LogConfig: Setting CVar [[r.EmitterSpawnRateScale:1.0]]
[2019.10.15-09.23.07:366][  0]LogConfig: Setting CVar [[r.ParticleLightQuality:2]]
[2019.10.15-09.23.07:366][  0]LogConfig: Applying CVar settings from Section [FoliageQuality@3] File [D:/github/lucky13/L13_Beta_Project/Saved/Config/Windows/Scalability.ini]
[2019.10.15-09.23.07:367][  0]LogConfig: Setting CVar [[foliage.DensityScale:1.0]]
[2019.10.15-09.23.07:367][  0]LogConfig: Setting CVar [[grass.DensityScale:1.0]]
[2019.10.15-09.23.07:367][  0]LogInit: Selected Device Profile: [Windows]
[2019.10.15-09.23.07:367][  0]LogInit: Applying CVar settings loaded from the selected device profile: [Windows]
[2019.10.15-09.23.07:397][  0]LogHAL: Display: Platform has ~ 32 GB [34271838208 / 34359738368 / 32], which maps to Largest [LargestMinGB=32, LargerMinGB=12, DefaultMinGB=8, SmallerMinGB=6, SmallestMinGB=0)
[2019.10.15-09.23.07:397][  0]LogConfig: Setting CVar [[r.Vulkan.UseRealUBs:1]]
[2019.10.15-09.23.07:397][  0]LogInit: Going up to parent DeviceProfile []
[2019.10.15-09.23.07:397][  0]LogConfig: Applying CVar settings from Section [ViewDistanceQuality@3] File [D:/github/lucky13/L13_Beta_Project/Saved/Config/Windows/Scalability.ini]
[2019.10.15-09.23.07:397][  0]LogConfig: Setting CVar [[r.SkeletalMeshLODBias:0]]
[2019.10.15-09.23.07:397][  0]LogConfig: Setting CVar [[r.ViewDistanceScale:1.0]]
[2019.10.15-09.23.07:397][  0]LogConfig: Applying CVar settings from Section [AntiAliasingQuality@3] File [D:/github/lucky13/L13_Beta_Project/Saved/Config/Windows/Scalability.ini]
[2019.10.15-09.23.07:397][  0]LogConfig: Setting CVar [[r.PostProcessAAQuality:4]]
[2019.10.15-09.23.07:397][  0]LogConfig: Applying CVar settings from Section [ShadowQuality@3] File [D:/github/lucky13/L13_Beta_Project/Saved/Config/Windows/Scalability.ini]
[2019.10.15-09.23.07:397][  0]LogConfig: Setting CVar [[r.LightFunctionQuality:1]]
[2019.10.15-09.23.07:397][  0]LogConfig: Setting CVar [[r.ShadowQuality:5]]
[2019.10.15-09.23.07:397][  0]LogConfig: Setting CVar [[r.Shadow.CSM.MaxCascades:10]]
[2019.10.15-09.23.07:397][  0]LogConfig: Setting CVar [[r.Shadow.MaxResolution:2048]]
[2019.10.15-09.23.07:397][  0]LogConfig: Setting CVar [[r.Shadow.MaxCSMResolution:2048]]
[2019.10.15-09.23.07:397][  0]LogConfig: Setting CVar [[r.Shadow.RadiusThreshold:0.01]]
[2019.10.15-09.23.07:397][  0]LogConfig: Setting CVar [[r.Shadow.DistanceScale:1.0]]
[2019.10.15-09.23.07:397][  0]LogConfig: Setting CVar [[r.Shadow.CSM.TransitionScale:1.0]]
[2019.10.15-09.23.07:398][  0]LogConfig: Setting CVar [[r.Shadow.PreShadowResolutionFactor:1.0]]
[2019.10.15-09.23.07:398][  0]LogConfig: Setting CVar [[r.DistanceFieldShadowing:1]]
[2019.10.15-09.23.07:398][  0]LogConfig: Setting CVar [[r.DistanceFieldAO:1]]
[2019.10.15-09.23.07:398][  0]LogConfig: Setting CVar [[r.AOQuality:2]]
[2019.10.15-09.23.07:398][  0]LogConfig: Setting CVar [[r.VolumetricFog:1]]
[2019.10.15-09.23.07:398][  0]LogConfig: Setting CVar [[r.VolumetricFog.GridPixelSize:8]]
[2019.10.15-09.23.07:398][  0]LogConfig: Setting CVar [[r.VolumetricFog.GridSizeZ:128]]
[2019.10.15-09.23.07:398][  0]LogConfig: Setting CVar [[r.VolumetricFog.HistoryMissSupersampleCount:4]]
[2019.10.15-09.23.07:398][  0]LogConfig: Setting CVar [[r.LightMaxDrawDistanceScale:1]]
[2019.10.15-09.23.07:398][  0]LogConfig: Setting CVar [[r.CapsuleShadows:1]]
[2019.10.15-09.23.07:398][  0]LogConfig: Applying CVar settings from Section [PostProcessQuality@3] File [D:/github/lucky13/L13_Beta_Project/Saved/Config/Windows/Scalability.ini]
[2019.10.15-09.23.07:398][  0]LogConfig: Setting CVar [[r.MotionBlurQuality:4]]
[2019.10.15-09.23.07:398][  0]LogConfig: Setting CVar [[r.AmbientOcclusionMipLevelFactor:0.4]]
[2019.10.15-09.23.07:398][  0]LogConfig: Setting CVar [[r.AmbientOcclusionMaxQuality:100]]
[2019.10.15-09.23.07:398][  0]LogConfig: Setting CVar [[r.AmbientOcclusionLevels:-1]]
[2019.10.15-09.23.07:398][  0]LogConfig: Setting CVar [[r.AmbientOcclusionRadiusScale:1.0]]
[2019.10.15-09.23.07:398][  0]LogConfig: Setting CVar [[r.DepthOfFieldQuality:2]]
[2019.10.15-09.23.07:398][  0]LogConfig: Setting CVar [[r.RenderTargetPoolMin:400]]
[2019.10.15-09.23.07:398][  0]LogConfig: Setting CVar [[r.LensFlareQuality:2]]
[2019.10.15-09.23.07:398][  0]LogConfig: Setting CVar [[r.SceneColorFringeQuality:1]]
[2019.10.15-09.23.07:398][  0]LogConfig: Setting CVar [[r.EyeAdaptationQuality:2]]
[2019.10.15-09.23.07:398][  0]LogConfig: Setting CVar [[r.BloomQuality:5]]
[2019.10.15-09.23.07:398][  0]LogConfig: Setting CVar [[r.FastBlurThreshold:100]]
[2019.10.15-09.23.07:398][  0]LogConfig: Setting CVar [[r.Upscale.Quality:3]]
[2019.10.15-09.23.07:398][  0]LogConfig: Setting CVar [[r.Tonemapper.GrainQuantization:1]]
[2019.10.15-09.23.07:398][  0]LogConfig: Setting CVar [[r.LightShaftQuality:1]]
[2019.10.15-09.23.07:398][  0]LogConfig: Setting CVar [[r.Filter.SizeScale:1]]
[2019.10.15-09.23.07:398][  0]LogConfig: Setting CVar [[r.Tonemapper.Quality:5]]
[2019.10.15-09.23.07:398][  0]LogConfig: Setting CVar [[r.DOF.Gather.AccumulatorQuality:1        ; higher gathering accumulator quality]]
[2019.10.15-09.23.07:398][  0]LogConfig: Setting CVar [[r.DOF.Gather.PostfilterMethod:1          ; Median3x3 postfilering method]]
[2019.10.15-09.23.07:399][  0]LogConfig: Setting CVar [[r.DOF.Gather.EnableBokehSettings:0       ; no bokeh simulation when gathering]]
[2019.10.15-09.23.07:399][  0]LogConfig: Setting CVar [[r.DOF.Gather.RingCount:4                 ; medium number of samples when gathering]]
[2019.10.15-09.23.07:399][  0]LogConfig: Setting CVar [[r.DOF.Scatter.ForegroundCompositing:1    ; additive foreground scattering]]
[2019.10.15-09.23.07:399][  0]LogConfig: Setting CVar [[r.DOF.Scatter.BackgroundCompositing:2    ; additive background scattering]]
[2019.10.15-09.23.07:399][  0]LogConfig: Setting CVar [[r.DOF.Scatter.EnableBokehSettings:1      ; bokeh simulation when scattering]]
[2019.10.15-09.23.07:399][  0]LogConfig: Setting CVar [[r.DOF.Scatter.MaxSpriteRatio:0.1         ; only a maximum of 10% of scattered bokeh]]
[2019.10.15-09.23.07:399][  0]LogConfig: Setting CVar [[r.DOF.Recombine.Quality:1                ; cheap slight out of focus]]
[2019.10.15-09.23.07:399][  0]LogConfig: Setting CVar [[r.DOF.Recombine.EnableBokehSettings:0    ; no bokeh simulation on slight out of focus]]
[2019.10.15-09.23.07:399][  0]LogConfig: Setting CVar [[r.DOF.TemporalAAQuality:1                ; more stable temporal accumulation]]
[2019.10.15-09.23.07:399][  0]LogConfig: Setting CVar [[r.DOF.Kernel.MaxForegroundRadius:0.025]]
[2019.10.15-09.23.07:399][  0]LogConfig: Setting CVar [[r.DOF.Kernel.MaxBackgroundRadius:0.025]]
[2019.10.15-09.23.07:399][  0]LogConfig: Applying CVar settings from Section [TextureQuality@3] File [D:/github/lucky13/L13_Beta_Project/Saved/Config/Windows/Scalability.ini]
[2019.10.15-09.23.07:399][  0]LogConfig: Setting CVar [[r.Streaming.MipBias:0]]
[2019.10.15-09.23.07:399][  0]LogConfig: Setting CVar [[r.Streaming.AmortizeCPUToGPUCopy:0]]
[2019.10.15-09.23.07:399][  0]LogConfig: Setting CVar [[r.Streaming.MaxNumTexturesToStreamPerFrame:0]]
[2019.10.15-09.23.07:399][  0]LogConfig: Setting CVar [[r.Streaming.Boost:1]]
[2019.10.15-09.23.07:399][  0]LogConfig: Setting CVar [[r.MaxAnisotropy:8]]
[2019.10.15-09.23.07:399][  0]LogConfig: Setting CVar [[r.Streaming.LimitPoolSizeToVRAM:0]]
[2019.10.15-09.23.07:399][  0]LogConfig: Setting CVar [[r.Streaming.PoolSize:1000]]
[2019.10.15-09.23.07:399][  0]LogConfig: Setting CVar [[r.Streaming.MaxEffectiveScreenSize:0]]
[2019.10.15-09.23.07:399][  0]LogConfig: Applying CVar settings from Section [EffectsQuality@3] File [D:/github/lucky13/L13_Beta_Project/Saved/Config/Windows/Scalability.ini]
[2019.10.15-09.23.07:399][  0]LogConfig: Setting CVar [[r.TranslucencyLightingVolumeDim:64]]
[2019.10.15-09.23.07:399][  0]LogConfig: Setting CVar [[r.RefractionQuality:2]]
[2019.10.15-09.23.07:399][  0]LogConfig: Setting CVar [[r.SSR.Quality:3]]
[2019.10.15-09.23.07:399][  0]LogConfig: Setting CVar [[r.SceneColorFormat:4]]
[2019.10.15-09.23.07:399][  0]LogConfig: Setting CVar [[r.DetailMode:2]]
[2019.10.15-09.23.07:399][  0]LogConfig: Setting CVar [[r.TranslucencyVolumeBlur:1]]
[2019.10.15-09.23.07:399][  0]LogConfig: Setting CVar [[r.MaterialQualityLevel:1 ; High quality]]
[2019.10.15-09.23.07:399][  0]LogConfig: Setting CVar [[r.SSS.Scale:1]]
[2019.10.15-09.23.07:399][  0]LogConfig: Setting CVar [[r.SSS.SampleSet:2]]
[2019.10.15-09.23.07:399][  0]LogConfig: Setting CVar [[r.SSS.Quality:1]]
[2019.10.15-09.23.07:399][  0]LogConfig: Setting CVar [[r.SSS.HalfRes:1]]
[2019.10.15-09.23.07:399][  0]LogConfig: Setting CVar [[r.EmitterSpawnRateScale:1.0]]
[2019.10.15-09.23.07:399][  0]LogConfig: Setting CVar [[r.ParticleLightQuality:2]]
[2019.10.15-09.23.07:399][  0]LogConfig: Applying CVar settings from Section [FoliageQuality@3] File [D:/github/lucky13/L13_Beta_Project/Saved/Config/Windows/Scalability.ini]
[2019.10.15-09.23.07:399][  0]LogConfig: Setting CVar [[foliage.DensityScale:1.0]]
[2019.10.15-09.23.07:399][  0]LogConfig: Setting CVar [[grass.DensityScale:1.0]]
[2019.10.15-09.23.07:399][  0]LogConfig: Applying CVar settings from Section [Startup] File [../../../Engine/Config/ConsoleVariables.ini]
[2019.10.15-09.23.07:400][  0]LogConfig: Setting CVar [[net.UseAdaptiveNetUpdateFrequency:0]]
[2019.10.15-09.23.07:400][  0]LogConfig: Applying CVar settings from Section [ConsoleVariables] File [D:/github/lucky13/L13_Beta_Project/Saved/Config/Windows/Engine.ini]
[2019.10.15-09.23.07:400][  0]LogInit: Computer: TU45378
[2019.10.15-09.23.07:400][  0]LogInit: User: T7056144
[2019.10.15-09.23.07:400][  0]LogInit: CPU Page size=4096, Cores=6
[2019.10.15-09.23.07:400][  0]LogInit: High frequency timer resolution =10.000000 MHz
[2019.10.15-09.23.07:401][  0]LogMemory: Memory total: Physical=31.9GB (32GB approx)
[2019.10.15-09.23.07:401][  0]LogMemory: Platform Memory Stats for Windows
[2019.10.15-09.23.07:401][  0]LogMemory: Process Physical Memory: 105.09 MB used, 105.10 MB peak
[2019.10.15-09.23.07:401][  0]LogMemory: Process Virtual Memory: 94.70 MB used, 94.70 MB peak
[2019.10.15-09.23.07:401][  0]LogMemory: Physical Memory: 9432.71 MB used,  23251.46 MB free, 32684.17 MB total
[2019.10.15-09.23.07:401][  0]LogMemory: Virtual Memory: 4671.99 MB used,  134213056.00 MB free, 134217728.00 MB total
[2019.10.15-09.23.07:441][  0]LogInit: Using OS detected language (en-GB).
[2019.10.15-09.23.07:441][  0]LogInit: Using OS detected locale (en-GB).
[2019.10.15-09.23.07:443][  0]LogTextLocalizationManager: No specific localization for 'en-GB' exists, so the 'en' localization will be used.
[2019.10.15-09.23.07:822][  0]LogStreaming: Display: Took  0.382s to InitEngineTextLocalization.
[2019.10.15-09.23.07:822][  0]LogInit: Setting process to per monitor DPI aware
[2019.10.15-09.23.07:905][  0]LogSlate: New Slate User Created.  User Index 0, Is Virtual User: 0
[2019.10.15-09.23.07:905][  0]LogSlate: Slate User Registered.  User Index 0, Is Virtual User: 0
[2019.10.15-09.23.08:273][  0]LogHMD: Failed to initialize OpenVR with code 110
[2019.10.15-09.23.08:273][  0]LogD3D11RHI: D3D11 adapters:
[2019.10.15-09.23.08:347][  0]LogD3D11RHI:    0. 'NVIDIA GeForce GTX 980 Ti' (Feature Level 11_0)
[2019.10.15-09.23.08:347][  0]LogD3D11RHI:       6097/0/16342 MB DedicatedVideo/DedicatedSystem/SharedSystem, Outputs:2, VendorId:0x10de
[2019.10.15-09.23.08:352][  0]LogD3D11RHI:    1. 'Microsoft Basic Render Driver' (Feature Level 11_0)
[2019.10.15-09.23.08:352][  0]LogD3D11RHI:       0/0/16342 MB DedicatedVideo/DedicatedSystem/SharedSystem, Outputs:0, VendorId:0x1414
[2019.10.15-09.23.08:352][  0]LogD3D11RHI: Chosen D3D11 Adapter: 0
[2019.10.15-09.23.08:360][  0]LogD3D11RHI: Creating new Direct3DDevice
[2019.10.15-09.23.08:360][  0]LogD3D11RHI:     GPU DeviceId: 0x17c8 (for the marketing name, search the web for "GPU Device Id")
[2019.10.15-09.23.08:360][  0]LogWindows: EnumDisplayDevices:
[2019.10.15-09.23.08:361][  0]LogWindows:    0. 'NVIDIA GeForce GTX 980 Ti' (P:1 D:1)
[2019.10.15-09.23.08:362][  0]LogWindows:    1. 'NVIDIA GeForce GTX 980 Ti' (P:0 D:1)
[2019.10.15-09.23.08:364][  0]LogWindows:    2. 'NVIDIA GeForce GTX 980 Ti' (P:0 D:0)
[2019.10.15-09.23.08:365][  0]LogWindows:    3. 'NVIDIA GeForce GTX 980 Ti' (P:0 D:0)
[2019.10.15-09.23.08:367][  0]LogWindows: DebugString: FoundDriverCount:4 
[2019.10.15-09.23.08:367][  0]LogD3D11RHI:     Adapter Name: NVIDIA GeForce GTX 980 Ti
[2019.10.15-09.23.08:367][  0]LogD3D11RHI:   Driver Version: 391.35 (internal:23.21.13.9135, unified:391.35)
[2019.10.15-09.23.08:367][  0]LogD3D11RHI:      Driver Date: 3-23-2018
[2019.10.15-09.23.08:367][  0]LogRHI: Texture pool is 4268 MB (70% of 6097 MB)
[2019.10.15-09.23.08:421][  0]LogD3D11RHI: Async texture creation enabled
[2019.10.15-09.23.08:438][  0]LogD3D11RHI: GPU Timing Frequency: 1000.000000 (Debug: 2 2)
[2019.10.15-09.23.09:174][  0]LogTemp: Display: Loaded TP AllDesktopTargetPlatform
[2019.10.15-09.23.09:192][  0]LogTemp: Display: Loaded TP MacClientTargetPlatform
[2019.10.15-09.23.09:211][  0]LogTemp: Display: Loaded TP MacNoEditorTargetPlatform
[2019.10.15-09.23.09:235][  0]LogTemp: Display: Loaded TP MacServerTargetPlatform
[2019.10.15-09.23.09:253][  0]LogTemp: Display: Loaded TP MacTargetPlatform
[2019.10.15-09.23.09:273][  0]LogTemp: Display: Loaded TP WindowsClientTargetPlatform
[2019.10.15-09.23.09:288][  0]LogTemp: Display: Loaded TP WindowsNoEditorTargetPlatform
[2019.10.15-09.23.09:303][  0]LogTemp: Display: Loaded TP WindowsServerTargetPlatform
[2019.10.15-09.23.09:310][  0]LogTemp: Display: Loaded TP WindowsTargetPlatform
[2019.10.15-09.23.09:405][  0]LogTemp: Display: Loaded TP AndroidTargetPlatform
[2019.10.15-09.23.09:405][  0]LogTemp: Display: Loaded TP AndroidTargetPlatform
[2019.10.15-09.23.09:405][  0]LogTemp: Display: Loaded TP AndroidTargetPlatform
[2019.10.15-09.23.09:405][  0]LogTemp: Display: Loaded TP AndroidTargetPlatform
[2019.10.15-09.23.09:405][  0]LogTemp: Display: Loaded TP AndroidTargetPlatform
[2019.10.15-09.23.09:405][  0]LogTemp: Display: Loaded TP AndroidTargetPlatform
[2019.10.15-09.23.09:405][  0]LogTemp: Display: Loaded TP AndroidTargetPlatform
[2019.10.15-09.23.09:405][  0]LogTemp: Display: Loaded TP AndroidTargetPlatform
[2019.10.15-09.23.09:405][  0]LogTemp: Display: Loaded TP AndroidTargetPlatform
[2019.10.15-09.23.09:405][  0]LogTemp: Display: Loaded TP AndroidTargetPlatform
[2019.10.15-09.23.09:405][  0]LogTemp: Display: Loaded TP AndroidTargetPlatform
[2019.10.15-09.23.09:405][  0]LogTemp: Display: Loaded TP AndroidTargetPlatform
[2019.10.15-09.23.09:405][  0]LogTemp: Display: Loaded TP AndroidTargetPlatform
[2019.10.15-09.23.09:405][  0]LogTemp: Display: Loaded TP AndroidTargetPlatform
[2019.10.15-09.23.09:405][  0]LogTemp: Display: Loaded TP AndroidTargetPlatform
[2019.10.15-09.23.09:405][  0]LogTemp: Display: Loaded TP AndroidTargetPlatform
[2019.10.15-09.23.09:405][  0]LogTemp: Display: Loaded TP AndroidTargetPlatform
[2019.10.15-09.23.09:405][  0]LogTemp: Display: Loaded TP AndroidTargetPlatform
[2019.10.15-09.23.09:408][  0]LogTemp: Display: Loaded TP HTML5TargetPlatform
[2019.10.15-09.23.09:470][  0]LogTemp: Display: Loaded TP IOSTargetPlatform
[2019.10.15-09.23.09:470][  0]LogTemp: Display: Loaded TP IOSTargetPlatform
[2019.10.15-09.23.09:494][  0]LogTemp: Display: Loaded TP TVOSTargetPlatform
[2019.10.15-09.23.09:494][  0]LogTemp: Display: Loaded TP TVOSTargetPlatform
[2019.10.15-09.23.09:507][  0]LogTemp: Display: Loaded TP LinuxClientTargetPlatform
[2019.10.15-09.23.09:520][  0]LogTemp: Display: Loaded TP LinuxNoEditorTargetPlatform
[2019.10.15-09.23.09:533][  0]LogTemp: Display: Loaded TP LinuxServerTargetPlatform
[2019.10.15-09.23.09:547][  0]LogTemp: Display: Loaded TP LinuxTargetPlatform
[2019.10.15-09.23.09:598][  0]LogTemp: Display: Loaded TP LuminTargetPlatform
[2019.10.15-09.23.09:598][  0]LogTemp: Display: Loaded TP LuminTargetPlatform
[2019.10.15-09.23.09:598][  0]LogTargetPlatformManager: Display: Building Assets For Windows
[2019.10.15-09.23.09:701][  0]LogShaderCompilers: Guid format shader working directory is 14 characters bigger than the processId version (D:/github/lucky13/L13_Beta_Project/Intermediate/Shaders/WorkingDirectory/14344/).
[2019.10.15-09.23.09:701][  0]LogShaderCompilers: Cleaned the shader compiler working directory 'C:/Users/T7056144/AppData/Local/Temp/UnrealShaderWorkingDir/4C09FE4A44FF62825ED9409F7231E3CC/'.
[2019.10.15-09.23.09:705][  0]LogXGEController: Cannot use XGE Controller as Incredibuild is not installed on this machine.
[2019.10.15-09.23.09:705][  0]LogShaderCompilers: Cannot use XGE Shader Compiler as Incredibuild is not installed on this machine.
[2019.10.15-09.23.09:705][  0]LogShaderCompilers: Display: Using Local Shader Compiler.
[2019.10.15-09.23.10:300][  0]LogDerivedDataCache: Display: Max Cache Size: 512 MB
[2019.10.15-09.23.10:362][  0]LogDerivedDataCache: Loaded boot cache 0.06s 86MB C:/Users/T7056144/AppData/Local/UnrealEngine/4.21/DerivedDataCache/Boot.ddc.
[2019.10.15-09.23.10:362][  0]LogDerivedDataCache: Display: Loaded Boot cache: C:/Users/T7056144/AppData/Local/UnrealEngine/4.21/DerivedDataCache/Boot.ddc
[2019.10.15-09.23.10:362][  0]LogDerivedDataCache: FDerivedDataBackendGraph:  Pak pak cache file D:/github/lucky13/L13_Beta_Project/DerivedDataCache/DDC.ddp not found, will not use a pak cache.
[2019.10.15-09.23.10:362][  0]LogDerivedDataCache: Unable to find inner node Pak for hierarchical cache Hierarchy.
[2019.10.15-09.23.10:362][  0]LogDerivedDataCache: FDerivedDataBackendGraph:  CompressedPak pak cache file D:/github/lucky13/L13_Beta_Project/DerivedDataCache/Compressed.ddp not found, will not use a pak cache.
[2019.10.15-09.23.10:362][  0]LogDerivedDataCache: Unable to find inner node CompressedPak for hierarchical cache Hierarchy.
[2019.10.15-09.23.10:383][  0]LogDerivedDataCache: Display: Pak cache opened for reading ../../../Engine/DerivedDataCache/Compressed.ddp.
[2019.10.15-09.23.10:383][  0]LogDerivedDataCache: FDerivedDataBackendGraph:  EnterprisePak pak cache file ../../../Enterprise/DerivedDataCache/Compressed.ddp not found, will not use a pak cache.
[2019.10.15-09.23.10:383][  0]LogDerivedDataCache: Unable to find inner node EnterprisePak for hierarchical cache Hierarchy.
[2019.10.15-09.23.10:396][  0]LogDerivedDataCache: Using Local data cache path C:/Users/T7056144/AppData/Local/UnrealEngine/Common/DerivedDataCache: Writable
[2019.10.15-09.23.10:396][  0]LogDerivedDataCache: Shared data cache path not found in *engine.ini, will not use an Shared cache.
[2019.10.15-09.23.10:396][  0]LogDerivedDataCache: Unable to find inner node Shared for hierarchical cache Hierarchy.
[2019.10.15-09.23.10:417][  0]LogMaterial: Verifying Global Shaders for PCD3D_SM5
[2019.10.15-09.23.10:419][  0]LogSlate: Using FreeType 2.6.0
[2019.10.15-09.23.10:420][  0]LogSlate: SlateFontServices - WITH_FREETYPE: 1, WITH_HARFBUZZ: 1
[2019.10.15-09.23.10:512][  0]LogAssetRegistry: FAssetRegistry took 0.0336 seconds to start up
[2019.10.15-09.23.10:987][  0]LogInit: Selected Device Profile: [Windows]
[2019.10.15-09.23.11:286][  0]LogSimplygon: Simplygon DLL not present - disabling.
[2019.10.15-09.23.11:293][  0]LogMeshReduction: Using SimplygonSwarm for distributed automatic mesh merging
[2019.10.15-09.23.11:293][  0]LogMeshReduction: Using ProxyLODMeshReduction for automatic mesh merging
[2019.10.15-09.23.11:293][  0]LogMeshReduction: Using QuadricMeshReduction for automatic static mesh reduction
[2019.10.15-09.23.11:293][  0]LogMeshReduction: No automatic skeletal mesh reduction module available
[2019.10.15-09.23.11:314][  0]LogNetVersion: L13_Beta_Project 1.0.0, NetCL: 4541578, EngineNetVer: 5, GameNetVer: 0 (Checksum: 492454884)
[2019.10.15-09.23.12:120][  0]LogPackageLocalizationCache: Processed 11 localized package path(s) for 2 prioritized culture(s) in 0.150812 seconds
[2019.10.15-09.23.12:126][  0]LogUObjectArray: 39775 objects as part of root set at end of initial load.
[2019.10.15-09.23.12:126][  0]LogUObjectAllocator: 6914664 out of 0 bytes used by permanent object pool.
[2019.10.15-09.23.12:126][  0]LogUObjectArray: CloseDisregardForGC: 0/0 objects in disregard for GC pool
[2019.10.15-09.23.13:397][  0]LogTcpMessaging: Initializing TcpMessaging bridge
[2019.10.15-09.23.13:411][  0]LogUdpMessaging: Initializing bridge on interface 0.0.0.0:0 to multicast group 230.0.0.1:6666.
[2019.10.15-09.23.14:307][  0]SourceControl: Source control is disabled
[2019.10.15-09.23.14:308][  0]LogWindows: Warning: CreateProc failed: The system cannot find the file specified. (0x00000002)
[2019.10.15-09.23.14:308][  0]LogWindows: Warning: URL: C:/Program Files/Git/bin/git.exe version
[2019.10.15-09.23.14:309][  0]LogWindows: Warning: CreateProc failed: The system cannot find the file specified. (0x00000002)
[2019.10.15-09.23.14:309][  0]LogWindows: Warning: URL: C:/Program Files (x86)/Git/bin/git.exe version
[2019.10.15-09.23.14:309][  0]LogWindows: Warning: CreateProc failed: The system cannot find the file specified. (0x00000002)
[2019.10.15-09.23.14:309][  0]LogWindows: Warning: URL: C:\Users\T7056144\AppData\Local/Programs/Git/cmd/git.exe version
[2019.10.15-09.23.14:310][  0]LogWindows: Warning: CreateProc failed: The system cannot find the file specified. (0x00000002)
[2019.10.15-09.23.14:310][  0]LogWindows: Warning: URL: C:/Program Files (x86)/SmartGit/git/bin/git.exe version
[2019.10.15-09.23.14:310][  0]LogWindows: Warning: CreateProc failed: The system cannot find the file specified. (0x00000002)
[2019.10.15-09.23.14:310][  0]LogWindows: Warning: URL: C:/Program Files (x86)/SmartGit/bin/git.exe version
[2019.10.15-09.23.14:310][  0]LogWindows: Warning: CreateProc failed: The system cannot find the file specified. (0x00000002)
[2019.10.15-09.23.14:310][  0]LogWindows: Warning: URL: C:\Users\T7056144\AppData\Local/Atlassian/SourceTree/git_local/bin/git.exe version
[2019.10.15-09.23.14:311][  0]LogWindows: Warning: CreateProc failed: The system cannot find the file specified. (0x00000002)
[2019.10.15-09.23.14:311][  0]LogWindows: Warning: URL: C:/Program Files (x86)/fournova/Tower/vendor/Git/bin/git.exe version
[2019.10.15-09.23.14:313][  0]LogWindows: Warning: CreateProc failed: The system cannot find the file specified. (0x00000002)
[2019.10.15-09.23.14:313][  0]LogWindows: Warning: URL: C:/Program Files/Git/bin/git.exe version
[2019.10.15-09.23.14:313][  0]LogWindows: Warning: CreateProc failed: The system cannot find the file specified. (0x00000002)
[2019.10.15-09.23.14:313][  0]LogWindows: Warning: URL: C:/Program Files (x86)/Git/bin/git.exe version
[2019.10.15-09.23.14:314][  0]LogWindows: Warning: CreateProc failed: The system cannot find the file specified. (0x00000002)
[2019.10.15-09.23.14:314][  0]LogWindows: Warning: URL: C:\Users\T7056144\AppData\Local/Programs/Git/cmd/git.exe version
[2019.10.15-09.23.14:314][  0]LogWindows: Warning: CreateProc failed: The system cannot find the file specified. (0x00000002)
[2019.10.15-09.23.14:314][  0]LogWindows: Warning: URL: C:/Program Files (x86)/SmartGit/git/bin/git.exe version
[2019.10.15-09.23.14:315][  0]LogWindows: Warning: CreateProc failed: The system cannot find the file specified. (0x00000002)
[2019.10.15-09.23.14:315][  0]LogWindows: Warning: URL: C:/Program Files (x86)/SmartGit/bin/git.exe version
[2019.10.15-09.23.14:315][  0]LogWindows: Warning: CreateProc failed: The system cannot find the file specified. (0x00000002)
[2019.10.15-09.23.14:315][  0]LogWindows: Warning: URL: C:\Users\T7056144\AppData\Local/Atlassian/SourceTree/git_local/bin/git.exe version
[2019.10.15-09.23.14:315][  0]LogWindows: Warning: CreateProc failed: The system cannot find the file specified. (0x00000002)
[2019.10.15-09.23.14:315][  0]LogWindows: Warning: URL: C:/Program Files (x86)/fournova/Tower/vendor/Git/bin/git.exe version
[2019.10.15-09.23.14:317][  0]LogWindows: Warning: CreateProc failed: The system cannot find the file specified. (0x00000002)
[2019.10.15-09.23.14:317][  0]LogWindows: Warning: URL: C:/Program Files/Git/bin/git.exe version
[2019.10.15-09.23.14:318][  0]LogWindows: Warning: CreateProc failed: The system cannot find the file specified. (0x00000002)
[2019.10.15-09.23.14:318][  0]LogWindows: Warning: URL: C:/Program Files (x86)/Git/bin/git.exe version
[2019.10.15-09.23.14:318][  0]LogWindows: Warning: CreateProc failed: The system cannot find the file specified. (0x00000002)
[2019.10.15-09.23.14:318][  0]LogWindows: Warning: URL: C:\Users\T7056144\AppData\Local/Programs/Git/cmd/git.exe version
[2019.10.15-09.23.14:318][  0]LogWindows: Warning: CreateProc failed: The system cannot find the file specified. (0x00000002)
[2019.10.15-09.23.14:318][  0]LogWindows: Warning: URL: C:/Program Files (x86)/SmartGit/git/bin/git.exe version
[2019.10.15-09.23.14:319][  0]LogWindows: Warning: CreateProc failed: The system cannot find the file specified. (0x00000002)
[2019.10.15-09.23.14:319][  0]LogWindows: Warning: URL: C:/Program Files (x86)/SmartGit/bin/git.exe version
[2019.10.15-09.23.14:319][  0]LogWindows: Warning: CreateProc failed: The system cannot find the file specified. (0x00000002)
[2019.10.15-09.23.14:319][  0]LogWindows: Warning: URL: C:\Users\T7056144\AppData\Local/Atlassian/SourceTree/git_local/bin/git.exe version
[2019.10.15-09.23.14:320][  0]LogWindows: Warning: CreateProc failed: The system cannot find the file specified. (0x00000002)
[2019.10.15-09.23.14:320][  0]LogWindows: Warning: URL: C:/Program Files (x86)/fournova/Tower/vendor/Git/bin/git.exe version
[2019.10.15-09.23.14:528][  0]LogAndroidPermission: UAndroidPermissionCallbackProxy::GetInstance
[2019.10.15-09.23.14:740][  0]LogOcInput: OculusInput pre-init called
[2019.10.15-09.23.14:953][  0]LogEngine: Initializing Engine...
[2019.10.15-09.23.14:955][  0]LogHMD: Failed to initialize OpenVR with code 110
[2019.10.15-09.23.14:956][  0]LogStats: UGameplayTagsManager::ConstructGameplayTagTree: ImportINI prefixes -  0.000 s
[2019.10.15-09.23.14:956][  0]LogStats: UGameplayTagsManager::ConstructGameplayTagTree: Construct from data asset -  0.000 s
[2019.10.15-09.23.14:956][  0]LogStats: UGameplayTagsManager::ConstructGameplayTagTree: ImportINI -  0.000 s
[2019.10.15-09.23.14:956][  0]LogStats: UGameplayTagsManager::ConstructGameplayTagTree: GameplayTagTreeChangedEvent.Broadcast -  0.000 s
[2019.10.15-09.23.15:445][  0]LogInit: Initializing FReadOnlyCVARCache
[2019.10.15-09.23.15:485][  0]LogAIModule: Creating AISystem for world Untitled
[2019.10.15-09.23.15:556][  0]LogInit: XAudio2 using 'Speakers (Realtek High Definition Audio)' : 2 channels at 48 kHz using 32 bits per sample (channel mask 0x3)
[2019.10.15-09.23.15:789][  0]LogInit: FAudioDevice initialized.
[2019.10.15-09.23.15:790][  0]LogNetVersion: Set ProjectVersion to 1.0.0.0. Version Checksum will be recalculated on next use.
[2019.10.15-09.23.15:886][  0]LogDerivedDataCache: Saved boot cache 0.10s 71MB C:/Users/T7056144/AppData/Local/UnrealEngine/4.21/DerivedDataCache/Boot.ddc.
[2019.10.15-09.23.15:911][  0]LogInit: Texture streaming: Enabled
[2019.10.15-09.23.15:964][  0]LogEngineSessionManager: EngineSessionManager initialized
[2019.10.15-09.23.16:030][  0]LogInit: Transaction tracking system initialized
[2019.10.15-09.23.16:127][  0]BlueprintLog: New page: Editor Load
[2019.10.15-09.23.16:485][  0]LocalizationService: Localization service is disabled
[2019.10.15-09.23.17:330][  0]LogAutoReimportManager: Warning: Unable to watch directory D:/github/lucky13/L13_Beta_Project/Content/ as it doesn't exist.
[2019.10.15-09.23.17:363][  0]LogCook: Display: Max memory allowance for cook 16384mb min free memory 0mb
[2019.10.15-09.23.17:363][  0]LogCook: Display: Mobile HDR setting 1
[2019.10.15-09.23.17:363][  0]LogGameplayTags: Display: UGameplayTagsManager::DoneAddingNativeTags. DelegateIsBound: 0
[2019.10.15-09.23.17:363][  0]LogStats: UGameplayTagsManager::ConstructGameplayTagTree: ImportINI prefixes -  0.000 s
[2019.10.15-09.23.17:363][  0]LogStats: UGameplayTagsManager::ConstructGameplayTagTree: Construct from data asset -  0.000 s
[2019.10.15-09.23.17:363][  0]LogStats: UGameplayTagsManager::ConstructGameplayTagTree: ImportINI -  0.000 s
[2019.10.15-09.23.17:363][  0]LogStats: UGameplayTagsManager::ConstructGameplayTagTree: GameplayTagTreeChangedEvent.Broadcast -  0.000 s
[2019.10.15-09.23.17:621][  0]LogWindows: Warning: CreateProc failed: The system cannot find the file specified. (0x00000002)
[2019.10.15-09.23.17:621][  0]LogWindows: Warning: URL: C:/Program Files/Git/bin/git.exe version
[2019.10.15-09.23.17:622][  0]LogWindows: Warning: CreateProc failed: The system cannot find the file specified. (0x00000002)
[2019.10.15-09.23.17:622][  0]LogWindows: Warning: URL: C:/Program Files (x86)/Git/bin/git.exe version
[2019.10.15-09.23.17:622][  0]LogWindows: Warning: CreateProc failed: The system cannot find the file specified. (0x00000002)
[2019.10.15-09.23.17:622][  0]LogWindows: Warning: URL: C:\Users\T7056144\AppData\Local/Programs/Git/cmd/git.exe version
[2019.10.15-09.23.17:623][  0]LogWindows: Warning: CreateProc failed: The system cannot find the file specified. (0x00000002)
[2019.10.15-09.23.17:623][  0]LogWindows: Warning: URL: C:/Program Files (x86)/SmartGit/git/bin/git.exe version
[2019.10.15-09.23.17:624][  0]LogWindows: Warning: CreateProc failed: The system cannot find the file specified. (0x00000002)
[2019.10.15-09.23.17:624][  0]LogWindows: Warning: URL: C:/Program Files (x86)/SmartGit/bin/git.exe version
[2019.10.15-09.23.17:624][  0]LogWindows: Warning: CreateProc failed: The system cannot find the file specified. (0x00000002)
[2019.10.15-09.23.17:624][  0]LogWindows: Warning: URL: C:\Users\T7056144\AppData\Local/Atlassian/SourceTree/git_local/bin/git.exe version
[2019.10.15-09.23.17:625][  0]LogWindows: Warning: CreateProc failed: The system cannot find the file specified. (0x00000002)
[2019.10.15-09.23.17:625][  0]LogWindows: Warning: URL: C:/Program Files (x86)/fournova/Tower/vendor/Git/bin/git.exe version
[2019.10.15-09.23.17:625][  0]Cmd: MAP LOAD FILE="../../../Engine/Content/Maps/Templates/Template_Default.umap" TEMPLATE=1 SHOWPROGRESS=1 FEATURELEVEL=3
[2019.10.15-09.23.17:626][  0]LightingResults: New page: Lighting Build
[2019.10.15-09.23.17:631][  0]MapCheck: New page: Map Check
[2019.10.15-09.23.17:631][  0]LightingResults: New page: Lighting Build
[2019.10.15-09.23.17:860][  0]LogAIModule: Creating AISystem for world Untitled_1
[2019.10.15-09.23.17:866][  0]LogEditorServer: Finished looking for orphan Actors (0.000 secs)
[2019.10.15-09.23.17:903][  0]Cmd: MAP CHECKDEP NOCLEARLOG
[2019.10.15-09.23.17:903][  0]MapCheck: Map check complete: 0 Error(s), 0 Warning(s), took 0.117ms to complete.
[2019.10.15-09.23.17:903][  0]LogFileHelpers: Loading map 'Template_Default' took 0.277
[2019.10.15-09.23.18:136][  0]LogSlate: Updating window title bar state: overlay mode, drag disabled, window buttons hidden, title bar hidden
[2019.10.15-09.23.18:150][  0]LogSlate: Updating window title bar state: overlay mode, drag disabled, window buttons hidden, title bar hidden
[2019.10.15-09.23.18:160][  0]LogSlate: Updating window title bar state: overlay mode, drag disabled, window buttons hidden, title bar hidden
[2019.10.15-09.23.18:170][  0]LogSlate: Updating window title bar state: overlay mode, drag disabled, window buttons hidden, title bar hidden
[2019.10.15-09.23.18:203][  0]LogCollectionManager: Loaded 0 collections in 0.006018 seconds
[2019.10.15-09.23.18:259][  0]LogFileCache: Scanning file cache for directory 'D:/github/lucky13/L13_Beta_Project/Saved/Collections/' took 0.01s
[2019.10.15-09.23.18:259][  0]LogFileCache: Scanning file cache for directory 'D:/github/lucky13/L13_Beta_Project/Content/Developers/T7056144/Collections/' took 0.01s
[2019.10.15-09.23.18:259][  0]LogFileCache: Scanning file cache for directory 'D:/github/lucky13/L13_Beta_Project/Content/Collections/' took 0.00s
[2019.10.15-09.23.18:259][  0]LogCollectionManager: Rebuilt the GUID cache for 0 collections in 0.000001 seconds
[2019.10.15-09.23.18:285][  0]LogContentBrowser: Native class hierarchy populated in 0.0242 seconds. Added 2652 classes and 622 folders.
[2019.10.15-09.23.18:308][  0]LogContentBrowser: Native class hierarchy updated for 'WidgetCarousel' in 0.0009 seconds. Added 0 classes and 0 folders.
[2019.10.15-09.23.18:327][  0]LogPakFile: Registered encryption key '00000000000000000000000000000000': 0 pak files mounted, 0 remain pending
[2019.10.15-09.23.18:344][  0]LogPakFile: Registered encryption key '00000000000000000000000000000000': 0 pak files mounted, 0 remain pending
[2019.10.15-09.23.18:384][  0]LogPakFile: Registered encryption key '00000000000000000000000000000000': 0 pak files mounted, 0 remain pending
[2019.10.15-09.23.18:397][  0]LogPakFile: Registered encryption key '00000000000000000000000000000000': 0 pak files mounted, 0 remain pending
[2019.10.15-09.23.18:409][  0]LogPakFile: Registered encryption key '00000000000000000000000000000000': 0 pak files mounted, 0 remain pending
[2019.10.15-09.23.18:423][  0]LogPakFile: Registered encryption key '00000000000000000000000000000000': 0 pak files mounted, 0 remain pending
[2019.10.15-09.23.18:436][  0]LogPakFile: Registered encryption key '00000000000000000000000000000000': 0 pak files mounted, 0 remain pending
[2019.10.15-09.23.18:445][  0]LogPakFile: Registered encryption key '00000000000000000000000000000000': 0 pak files mounted, 0 remain pending
[2019.10.15-09.23.18:454][  0]LogPakFile: Registered encryption key '00000000000000000000000000000000': 0 pak files mounted, 0 remain pending
[2019.10.15-09.23.18:464][  0]LogPakFile: Registered encryption key '00000000000000000000000000000000': 0 pak files mounted, 0 remain pending
[2019.10.15-09.23.18:472][  0]LogPakFile: Registered encryption key '00000000000000000000000000000000': 0 pak files mounted, 0 remain pending
[2019.10.15-09.23.18:478][  0]LogPakFile: Registered encryption key '00000000000000000000000000000000': 0 pak files mounted, 0 remain pending
[2019.10.15-09.23.18:489][  0]LogPakFile: Registered encryption key '00000000000000000000000000000000': 0 pak files mounted, 0 remain pending
[2019.10.15-09.23.18:496][  0]LogPakFile: Registered encryption key '00000000000000000000000000000000': 0 pak files mounted, 0 remain pending
[2019.10.15-09.23.18:507][  0]LogPakFile: Registered encryption key '00000000000000000000000000000000': 0 pak files mounted, 0 remain pending
[2019.10.15-09.23.18:519][  0]LogPakFile: Registered encryption key '00000000000000000000000000000000': 0 pak files mounted, 0 remain pending
[2019.10.15-09.23.18:540][  0]LogPakFile: Registered encryption key '00000000000000000000000000000000': 0 pak files mounted, 0 remain pending
[2019.10.15-09.23.18:550][  0]LogPakFile: Registered encryption key '00000000000000000000000000000000': 0 pak files mounted, 0 remain pending
[2019.10.15-09.23.18:556][  0]LogPakFile: Registered encryption key '00000000000000000000000000000000': 0 pak files mounted, 0 remain pending
[2019.10.15-09.23.18:563][  0]LogPakFile: Registered encryption key '00000000000000000000000000000000': 0 pak files mounted, 0 remain pending
[2019.10.15-09.23.18:589][  0]LogPakFile: Registered encryption key '00000000000000000000000000000000': 0 pak files mounted, 0 remain pending
[2019.10.15-09.23.18:596][  0]LogPakFile: Registered encryption key '00000000000000000000000000000000': 0 pak files mounted, 0 remain pending
[2019.10.15-09.23.18:603][  0]LogPakFile: Registered encryption key '00000000000000000000000000000000': 0 pak files mounted, 0 remain pending
[2019.10.15-09.23.18:610][  0]LogPakFile: Registered encryption key '00000000000000000000000000000000': 0 pak files mounted, 0 remain pending
[2019.10.15-09.23.18:617][  0]LogPakFile: Registered encryption key '00000000000000000000000000000000': 0 pak files mounted, 0 remain pending
[2019.10.15-09.23.18:624][  0]LogPakFile: Registered encryption key '00000000000000000000000000000000': 0 pak files mounted, 0 remain pending
[2019.10.15-09.23.18:904][  0]LogContentBrowser: Native class hierarchy updated for 'AddContentDialog' in 0.0009 seconds. Added 0 classes and 0 folders.
[2019.10.15-09.23.18:926][  0]LogContentBrowser: Native class hierarchy updated for 'SceneOutliner' in 0.0009 seconds. Added 1 classes and 2 folders.
[2019.10.15-09.23.18:997][  0]LogSlate: Took 0.000630 seconds to synchronously load lazily loaded font '../../../Engine/Content/Slate/Fonts/Roboto-Regular.ttf' (155K)
[2019.10.15-09.23.19:006][  0]LogSlate: Took 0.000498 seconds to synchronously load lazily loaded font '../../../Engine/Content/Slate/Fonts/Roboto-Bold.ttf' (160K)
[2019.10.15-09.23.19:031][  0]LogSlate: Took 0.013952 seconds to synchronously load lazily loaded font '../../../Engine/Content/Editor/Slate/Fonts/FontAwesome.ttf' (139K)
[2019.10.15-09.23.19:258][  0]LogRenderer: Reallocating scene render targets to support 1208x652 Format 10 NumSamples 1 (Frame:1).
[2019.10.15-09.23.19:391][  0]LogSlate: FSceneViewport::OnFocusLost() reason 2
[2019.10.15-09.23.19:412][  0]LogSlate: Window 'Tutorials' being destroyed
[2019.10.15-09.23.19:449][  0]LogContentBrowser: Native class hierarchy updated for 'HierarchicalLODOutliner' in 0.0004 seconds. Added 0 classes and 0 folders.
[2019.10.15-09.23.19:449][  0]LogLoad: (Engine Initialization) Total time: 15.85 seconds
[2019.10.15-09.23.19:449][  0]LogLoad: (Engine Initialization) Total Blueprint compile time: 0.00 seconds
[2019.10.15-09.23.19:520][  0]LogContentStreaming: Texture pool size now 1000 MB
[2019.10.15-09.23.19:565][  1]LogAssetRegistry: Asset discovery search completed in 9.0756 seconds
[2019.10.15-09.23.19:567][  1]LogCollectionManager: Rebuilt the object cache for 0 collections in 0.000001 seconds (found 0 objects)
[2019.10.15-09.23.19:567][  1]LogCollectionManager: Fixed up redirectors for 0 collections in 0.000042 seconds (updated 0 objects)
[2019.10.15-09.23.48:840][399]LogSlate: FSceneViewport::OnFocusLost() reason 2
[2019.10.15-09.23.49:725][502]LogSlate: FSceneViewport::OnFocusLost() reason 2
[2019.10.15-09.24.47:282][324]LogSlate: Window 'Source Control Login' being destroyed
[2019.10.15-09.24.48:567][466]LogSlate: FSceneViewport::OnFocusLost() reason 0
[2019.10.15-09.25.19:643][754]LogUnrealEdMisc: Warning: Heartbeat event firing too frequently (37.421 sec). This should never happen. Something is wrong with the timer delegate!
[2019.10.15-09.25.22:782][ 80]SourceControl: fatal: C:/Program Files/Epic Games/UE_4.21/Engine/Content: 'C:/Program Files/Epic Games/UE_4.21/Engine/Content' is outside repository
[2019.10.15-09.25.23:005][ 80]LogPackageName: Error: Illegal call to DoesPackageExist: 'D:/github/lucky13/L13_Beta_Project/L13_Beta_Project.uproject' is not a standard unreal filename or a long path name. Reason: Path should be no less than 4 characters long.
[2019.10.15-09.25.23:005][ 80]LogOutputDevice: Warning: 

Script Stack (0 frames):

[2019.10.15-09.25.25:349][ 80]LogStats: FPlatformStackWalk::StackWalkAndDump -  2.344 s
[2019.10.15-09.25.25:349][ 80]LogOutputDevice: Error: === Handled ensure: ===
[2019.10.15-09.25.25:349][ 80]LogOutputDevice: Error: 
[2019.10.15-09.25.25:349][ 80]LogOutputDevice: Error: Ensure condition failed: false [File:D:\Build\++UE4\Sync\Engine\Source\Runtime\CoreUObject\Private\Misc\PackageName.cpp] [Line: 846]
[2019.10.15-09.25.25:349][ 80]LogOutputDevice: Error: Illegal call to DoesPackageExist: 'D:/github/lucky13/L13_Beta_Project/L13_Beta_Project.uproject' is not a standard unreal filename or a long path name. Reason: Path should be no less than 4 characters long.
[2019.10.15-09.25.25:349][ 80]LogOutputDevice: Error: Stack: 
[2019.10.15-09.25.25:349][ 80]LogOutputDevice: Error: [Callstack] 0x00007ff9e61ed617 UE4Editor-CoreUObject.dll!UnknownFunction []
[2019.10.15-09.25.25:349][ 80]LogOutputDevice: Error: [Callstack] 0x00007ff9c5da8775 UE4Editor-SourceControl.dll!UnknownFunction []
[2019.10.15-09.25.25:349][ 80]LogOutputDevice: Error: [Callstack] 0x00007ff9c5da8909 UE4Editor-SourceControl.dll!UnknownFunction []
[2019.10.15-09.25.25:349][ 80]LogOutputDevice: Error: [Callstack] 0x00007ff9c32e633d UE4Editor-SourceControlWindows.dll!UnknownFunction []
[2019.10.15-09.25.25:349][ 80]LogOutputDevice: Error: [Callstack] 0x00007ff9c32986fe UE4Editor-SourceControlWindows.dll!UnknownFunction []
[2019.10.15-09.25.25:349][ 80]LogOutputDevice: Error: [Callstack] 0x00007ff9c3297c8f UE4Editor-SourceControlWindows.dll!UnknownFunction []
[2019.10.15-09.25.25:349][ 80]LogOutputDevice: Error: [Callstack] 0x00007ff9c32b2601 UE4Editor-SourceControlWindows.dll!UnknownFunction []
[2019.10.15-09.25.25:349][ 80]LogOutputDevice: Error: [Callstack] 0x00007ff9b7cdf4ec UE4Editor-GitSourceControl.dll!UnknownFunction []
[2019.10.15-09.25.25:349][ 80]LogOutputDevice: Error: [Callstack] 0x00007ff9b7ce4e61 UE4Editor-GitSourceControl.dll!UnknownFunction []
[2019.10.15-09.25.25:349][ 80]LogOutputDevice: Error: [Callstack] 0x00007ff9c5daeb57 UE4Editor-SourceControl.dll!UnknownFunction []
[2019.10.15-09.25.25:349][ 80]LogOutputDevice: Error: [Callstack] 0x00007ff9c9a7283e UE4Editor-UnrealEd.dll!UnknownFunction []
[2019.10.15-09.25.25:350][ 80]LogOutputDevice: Error: [Callstack] 0x00007ff9ca392346 UE4Editor-UnrealEd.dll!UnknownFunction []
[2019.10.15-09.25.25:350][ 80]LogOutputDevice: Error: [Callstack] 0x00007ff7bba96225 UE4Editor.exe!UnknownFunction []
[2019.10.15-09.25.25:350][ 80]LogOutputDevice: Error: [Callstack] 0x00007ff7bbaa596c UE4Editor.exe!UnknownFunction []
[2019.10.15-09.25.25:350][ 80]LogOutputDevice: Error: [Callstack] 0x00007ff7bbaa59ea UE4Editor.exe!UnknownFunction []
[2019.10.15-09.25.25:350][ 80]LogOutputDevice: Error: [Callstack] 0x00007ff7bbab48da UE4Editor.exe!UnknownFunction []
[2019.10.15-09.25.25:350][ 80]LogOutputDevice: Error: [Callstack] 0x00007ff7bbab659a UE4Editor.exe!UnknownFunction []
[2019.10.15-09.25.25:350][ 80]LogOutputDevice: Error: [Callstack] 0x00007ffa7e237974 KERNEL32.DLL!UnknownFunction []
[2019.10.15-09.25.25:350][ 80]LogOutputDevice: Error: [Callstack] 0x00007ffa7f02a271 ntdll.dll!UnknownFunction []
[2019.10.15-09.25.25:350][ 80]LogOutputDevice: Error: 
[2019.10.15-09.25.25:357][ 80]LogStats:                SubmitErrorReport -  0.000 s
[2019.10.15-09.25.27:442][ 80]LogStats:                    SendNewReport -  2.085 s
[2019.10.15-09.25.27:442][ 80]LogStats:             FDebug::EnsureFailed -  4.437 s
[2019.10.15-09.25.33:614][ 80]LogSlate: Window 'Submit Files' being destroyed
[2019.10.15-09.25.34:970][ 80]LogSourceControl: commit successful: [art-testing 6098e4e] johnny test
[2019.10.15-09.25.35:289][ 80]SourceControl: [art-testing 6098e4e] johnny test
[2019.10.15-09.25.35:289][ 80]SourceControl:  1 file changed, 1 insertion(+), 1 deletion(-)
[2019.10.15-09.25.35:295][ 80]SourceControl: Commited [art-testing 6098e4e] johnny test.
